**********************************************************************
*                                                                    *
*  SCREENED KKR POTENTIAL PREPARATION AND                            *
*  LATTICE VISUALIZATION UTILITY                                     *
 Hier koennte Ihre Versionsnummer stehen!
**********************************************************************
            Reading inputcard: calc/conv/InN/l_3/step_1/conv_75/p_2.50/voro/inputcard.voro                     
 number of lines in inputcard:          98

 NSPIN 
   1
---+---------------------------------------------------------------------------
 NATYP 
   2
   Z lmx     KFG cls pot  MTFAC irns   MT      Size
---+---------------------------------------------------------------------------
 49.   1 208  2.0000  1.0000
  7.   1 208  2.0000  1.0000
---+---+-------+---+---+---+-------+---+---------------------------------------
 NO FP-Calc. Please ignore IRNS and NTCELL.These are dummy variables.
---+---------------------------------------------------------------------------
 lmax
   3
---+---------------------------------------------------------------------------
-----------+-----------+-----------+-------------------------------------------
------+------+------+------+---------------------------------------------------
------+------+------+----------------------------------------------------------
------+------+------+-----------+----------------------------------------------
 KSHAPE    IRM    INS
      0    353      0
------+------+------+------+------+--------------------------------------------
    KXC
      2
------+------+------+------+------+------+-------------------------------------
------+------+------+------+------+--------------------------------------------
------+------+------+------+---------------------------------------------------
------+------------------------------------------------------------------------
-----------+-------------------------------------------------------------------


                    non-spin polarized calculation
                      Vosko,Wilk,Nusair      exchange-correlation potential
 *******************************************************************************
    NAEZ    NEMB   NEMBZ
       2       0       0
-------+-------+-------+-------------------------------------------------------
 NZ    
   0
---+---------------------------------------------------------------------------
 Parameters Used for the cluster calculation
 Clusters inside spheres with radious R =    2.0000000000000000     
 RBASIS
     0.00000000     0.00000000     0.00000000     1
     0.35355339     0.35355339     0.35355339     2

---+--------------+--------------+--------------+------------------------------
 KAOEZ 
   1   2
---+---+---+---+---+---+---+---+---+---+---------------------------------------
         ABASIS         BBASIS         CBASIS
     1.00000000     1.00000000     1.00000000
---+---------------------------------------------------------------------------
          ALATC
     6.66250000
--------------+--------------+--------------+----------------------------------
---------+---------+---------+-------------------------------------------------
 I13="                                        "
 I19="                                        "
 /home/agHeiliger/shared/atomic-start-potentials/                                                    
 Parameter ........ tolerance NOT found
 Check your inputcard.
 Parameter ........ Verbosity NOT found
 Check your inputcard.
-------+-------+-------+-------------------------------------------------------
  >>>>>>>>> READINPUT EXITS NOW <<<<<<<<<< 
 True basis vectors (not normalized):
    4.71109893    4.71109893    0.00000000
    4.71109893    0.00000000    4.71109893
    0.00000000    4.71109893    4.71109893
 Reciprocal lattice vectors, in units 2pi/a:
    0.70710678    0.70710678   -0.70710678
    0.70710678   -0.70710678    0.70710678
   -0.70710678    0.70710678    0.70710678
  Before rrgen in lattix
 >>> RRGEN: generation of real space mesh rr(nr)
 r        :      9.23
 r**2     :     85.23
 n1,n2,n3 :    9    9    9
  4206 real space vectors created.
  After rrgen in lattix
 position of atoms in unit cell :
     0.00000000     0.00000000     0.00000000     1
     0.35355339     0.35355339     0.35355339     2
 Sum of Volumes:    0.70710678122690540     
 Size of WS-cell:   0.70710678122690496     
 Volume check OK.
  2 crystal sorts found:
  1  2
 Symmetries found for this lattice: 24
 1: ( 1)E          2: ( 2)C3alfa     3: ( 3)C3beta     4: ( 4)C3gamma   
 5: ( 5)C3delta    6: ( 6)C3alfa-1   7: ( 7)C3beta-1   8: ( 8)C3gamma-1 
 9: ( 9)C3delta-1 10: (10)C2x       11: (11)C2y       12: (12)C2z       
13: (37)IC4x      14: (38)IC4y      15: (39)IC4z      16: (40)IC4x-1    
17: (41)IC4y-1    18: (42)IC4z-1    19: (43)IC2a      20: (44)IC2b      
21: (45)IC2c      22: (46)IC2d      23: (47)IC2e      24: (48)IC2f      
 New structure (Cartesian coordinates):
   Z      X           Y           Z              Weight    MT-radius
 49.0     0.00000000  0.00000000  0.00000000     1.000000  2.318976
  7.0     0.35355339  0.35355339  0.35355339     0.948711  1.760956
